<?xml version="1.0" encoding="UTF-8"?>
<testng-results ignored="0" total="1" passed="1" failed="0" skipped="0">
  <reporter-output>
  </reporter-output>
  <suite started-at="2024-03-07T19:48:42 IST" name="Default suite" finished-at="2024-03-07T19:48:53 IST" duration-ms="10853">
    <groups>
    </groups>
    <test started-at="2024-03-07T19:48:42 IST" name="Default test" finished-at="2024-03-07T19:48:53 IST" duration-ms="10853">
      <class name="includingbeforemethod.testlaunchclass">
        <test-method is-config="true" signature="launchgit()[pri:0, instance:includingbeforemethod.testlaunchclass@74f0ea28]" started-at="2024-03-07T19:48:42 IST" name="launchgit" finished-at="2024-03-07T19:48:46 IST" duration-ms="4188" status="PASS">
          <reporter-output>
          </reporter-output>
        </test-method> <!-- launchgit -->
        <test-method signature="testingapp()[pri:0, instance:includingbeforemethod.testlaunchclass@74f0ea28]" started-at="2024-03-07T19:48:46 IST" name="testingapp" finished-at="2024-03-07T19:48:47 IST" duration-ms="1195" status="PASS">
          <reporter-output>
          </reporter-output>
        </test-method> <!-- testingapp -->
        <test-method is-config="true" signature="forcling()[pri:0, instance:includingbeforemethod.testlaunchclass@74f0ea28]" started-at="2024-03-07T19:48:47 IST" name="forcling" finished-at="2024-03-07T19:48:53 IST" duration-ms="5395" status="PASS">
          <reporter-output>
          </reporter-output>
        </test-method> <!-- forcling -->
      </class> <!-- includingbeforemethod.testlaunchclass -->
    </test> <!-- Default test -->
  </suite> <!-- Default suite -->
</testng-results>
